<?xml version="1.0" encoding="UTF-8"?>
<!-- Generated by org.testng.reporters.JUnitReportReporter -->
<testsuite skipped="0" hostname="ADLP112" name="tesst.providerTestCase" tests="2" failures="0" timestamp="2020-07-07T10:01:38 IST" time="0.015" errors="0">
  <testcase name="testdataresult" time="0.004" classname="tesst.providerTestCase"/>
  <system-out/>
  <testcase name="testdataresult" time="0.011" classname="tesst.providerTestCase"/>
  <system-out/>
</testsuite> <!-- tesst.providerTestCase -->
