<?xml version="1.0" encoding="UTF-8"?>
<!-- Generated by org.testng.reporters.JUnitReportReporter -->
<testsuite skipped="0" hostname="ADLP112" name="Basecapability" tests="1" failures="0" timestamp="2020-07-05T20:23:25 IST" time="0.080" errors="0">
  <testcase name="capabilities" time="0.080" classname="Basecapability"/>
  <system-out/>
</testsuite> <!-- Basecapability -->
