<?xml version="1.0" encoding="UTF-8"?>
<!-- Generated by org.testng.reporters.JUnitReportReporter -->
<testsuite skipped="0" hostname="ADLP112" name="two" tests="1" failures="0" timestamp="2020-07-06T16:07:43 IST" time="53.133" errors="0">
  <testcase name="test1" time="53.133" classname="two"/>
  <system-out/>
</testsuite> <!-- two -->
